#
# There is insufficient memory for the Java Runtime Environment to continue.
# Native memory allocation (mmap) failed to map 132120576 bytes for G1 virtual space
# Possible reasons:
#   The system is out of physical RAM or swap space
#   The process is running with CompressedOops enabled, and the Java Heap may be blocking the growth of the native heap
# Possible solutions:
#   Reduce memory load on the system
#   Increase physical memory or swap space
#   Check if swap backing store is full
#   Decrease Java heap size (-Xmx/-Xms)
#   Decrease number of Java threads
#   Decrease Java thread stack sizes (-Xss)
#   Set larger code cache with -XX:ReservedCodeCacheSize=
#   JVM is running with Unscaled Compressed Oops mode in which the Java heap is
#     placed in the first 4GB address space. The Java Heap base address is the
#     maximum limit for the native heap growth. Please use -XX:HeapBaseMinAddress
#     to set the Java Heap base and to place the Java Heap above 4GB virtual address.
# This output file may be truncated or incomplete.
#
#  Out of Memory Error (os_windows.cpp:3466), pid=108128, tid=109576
#
# JRE version:  (16.0.2+7) (build )
# Java VM: OpenJDK 64-Bit Server VM (16.0.2+7-67, mixed mode, sharing, tiered, compressed oops, compressed class ptrs, g1 gc, windows-amd64)
# No core dump will be written. Minidumps are not enabled by default on client versions of Windows
#

---------------  S U M M A R Y ------------

Command Line: -XX:+ShowCodeDetailsInExceptionMessages -agentlib:jdwp=transport=dt_socket,suspend=y,address=localhost:59923 -Dmaven.home=EMBEDDED -Dclassworlds.conf=C:\Work\workspace-sts\.metadata\.plugins\org.eclipse.m2e.launching\launches\m2conf2757805203417935978.tmp -Dmaven.multiModuleProjectDirectory=C:\Users\lotfi\Desktop\pfe-stage\spring\stage -Djansi.force=true -Djansi.passthrough=true -javaagent:C:\Users\lotfi\Desktop\bureau\sts-4.11.1.RELEASE\configuration\org.eclipse.osgi\258\0\.cp\lib\javaagent-shaded.jar -Dfile.encoding=Cp1252 org.codehaus.plexus.classworlds.launcher.Launcher -Ppom.xml -B clean install -Dstyle.color=always

Host: Intel(R) Core(TM) i5-10300H CPU @ 2.50GHz, 8 cores, 7G,  Windows 10 , 64 bit Build 22000 (10.0.22000.1335)
Time: Thu Feb  2 13:04:32 2023 Maroc (heure d64 bit Build 22000 (10.0.22000.1335) elapsed time: 0.018281 seconds (0d 0h 0m 0s)

---------------  T H R E A D  ---------------

Current thread (0x000001f951e36b20):  JavaThread "Unknown thread" [_thread_in_vm, id=109576, stack(0x000000330bd00000,0x000000330be00000)]

Stack: [0x000000330bd00000,0x000000330be00000]
Native frames: (J=compiled Java code, j=interpreted, Vv=VM code, C=native code)
V  [jvm.dll+0x6681ca]
V  [jvm.dll+0x7c9e69]
V  [jvm.dll+0x7cb61e]
V  [jvm.dll+0x7cbc73]
V  [jvm.dll+0x242c55]
V  [jvm.dll+0x664f89]
V  [jvm.dll+0x659b75]
V  [jvm.dll+0x2fbfbb]
V  [jvm.dll+0x3031b6]
V  [jvm.dll+0x35299e]
V  [jvm.dll+0x352bcf]
V  [jvm.dll+0x2d3028]
V  [jvm.dll+0x2d4264]
V  [jvm.dll+0x79c741]
V  [jvm.dll+0x360791]
V  [jvm.dll+0x77a3f0]
V  [jvm.dll+0x3e4e8f]
V  [jvm.dll+0x3e6961]
C  [jli.dll+0x52fb]
C  [ucrtbase.dll+0x26c0c]
C  [KERNEL32.DLL+0x155a0]
C  [ntdll.dll+0x485b]


---------------  P R O C E S S  ---------------

Threads class SMR info:
_java_thread_list=0x00007ffcfbabcbb8, length=0, elements={
}

Java Threads: ( => current thread )

Other Threads:
  0x000001f951e73020 GCTaskThread "GC Thread#0" [stack: 0x000000330be00000,0x000000330bf00000] [id=105816]
  0x000001f951e85480 ConcurrentGCThread "G1 Main Marker" [stack: 0x000000330bf00000,0x000000330c000000] [id=95672]
  0x000001f951e86e10 ConcurrentGCThread "G1 Conc#0" [stack: 0x000000330c000000,0x000000330c100000] [id=106148]

[error occurred during error reporting (printing all threads), id 0xc0000005, EXCEPTION_ACCESS_VIOLATION (0xc0000005) at pc=0x00007ffcfb293ee7]

VM state: not at safepoint (not fully initialized)

VM Mutex/Monitor currently owned by a thread:  ([mutex/lock_event])
[0x000001f951e320b0] Heap_lock - owner thread: 0x000001f951e36b20

Heap address: 0x0000000082800000, size: 2008 MB, Compressed Oops mode: 32-bit

CDS archive(s) mapped at: [0x0000000000000000-0x0000000000000000-0x0000000000000000), size 0, SharedBaseAddress: 0x0000000800000000, ArchiveRelocationMode: 0.
Narrow klass base: 0x0000000000000000, Narrow klass shift: 0, Narrow klass range: 0x0

GC Precious Log:
<Empty>

Heap:
 garbage-first heap   total 0K, used 0K [0x0000000082800000, 0x0000000100000000)
  region size 1024K, 0 young (0K), 0 survivors (0K)

[error occurred during error reporting (printing heap information), id 0xc0000005, EXCEPTION_ACCESS_VIOLATION (0xc0000005) at pc=0x00007ffcfb671eed]

GC Heap History (0 events):
No events

Deoptimization events (0 events):
No events

Classes unloaded (0 events):
No events

Classes redefined (0 events):
No events

Internal exceptions (0 events):
No events

Events (1 events):
Event: 0.012 Loaded shared library C:\Users\lotfi\Desktop\bureau\sts-4.11.1.RELEASE\plugins\org.eclipse.justj.openjdk.hotspot.jre.full.win32.x86_64_16.0.2.v20210721-1149\jre\bin\java.dll


Dynamic libraries:
0x00007ff677e90000 - 0x00007ff677e9e000 	C:\Users\lotfi\Desktop\bureau\sts-4.11.1.RELEASE\plugins\org.eclipse.justj.openjdk.hotspot.jre.full.win32.x86_64_16.0.2.v20210721-1149\jre\bin\javaw.exe
0x00007ffd595c0000 - 0x00007ffd597c9000 	C:\WINDOWS\SYSTEM32\ntdll.dll
0x00007ffd577f0000 - 0x00007ffd578ae000 	C:\WINDOWS\System32\KERNEL32.DLL
0x00007ffd56c00000 - 0x00007ffd56f7b000 	C:\WINDOWS\System32\KERNELBASE.dll
0x00007ffd571d0000 - 0x00007ffd572e1000 	C:\WINDOWS\System32\ucrtbase.dll
0x00007ffd509d0000 - 0x00007ffd509e8000 	C:\Users\lotfi\Desktop\bureau\sts-4.11.1.RELEASE\plugins\org.eclipse.justj.openjdk.hotspot.jre.full.win32.x86_64_16.0.2.v20210721-1149\jre\bin\jli.dll
0x00007ffd47990000 - 0x00007ffd479a9000 	C:\Users\lotfi\Desktop\bureau\sts-4.11.1.RELEASE\plugins\org.eclipse.justj.openjdk.hotspot.jre.full.win32.x86_64_16.0.2.v20210721-1149\jre\bin\VCRUNTIME140.dll
0x00007ffd57960000 - 0x00007ffd57b0d000 	C:\WINDOWS\System32\USER32.dll
0x00007ffd572f0000 - 0x00007ffd57316000 	C:\WINDOWS\System32\win32u.dll
0x00007ffd57f50000 - 0x00007ffd57f79000 	C:\WINDOWS\System32\GDI32.dll
0x00007ffd42d00000 - 0x00007ffd42fa5000 	C:\WINDOWS\WinSxS\amd64_microsoft.windows.common-controls_6595b64144ccf1df_6.0.22000.120_none_9d947278b86cc467\COMCTL32.dll
0x00007ffd57320000 - 0x00007ffd57438000 	C:\WINDOWS\System32\gdi32full.dll
0x00007ffd57070000 - 0x00007ffd5710d000 	C:\WINDOWS\System32\msvcp_win.dll
0x00007ffd58db0000 - 0x00007ffd58e53000 	C:\WINDOWS\System32\msvcrt.dll
0x00007ffd57df0000 - 0x00007ffd57e22000 	C:\WINDOWS\System32\IMM32.DLL
0x00007ffd47a80000 - 0x00007ffd47a8c000 	C:\Users\lotfi\Desktop\bureau\sts-4.11.1.RELEASE\plugins\org.eclipse.justj.openjdk.hotspot.jre.full.win32.x86_64_16.0.2.v20210721-1149\jre\bin\vcruntime140_1.dll
0x00007ffd37e50000 - 0x00007ffd37ee1000 	C:\Users\lotfi\Desktop\bureau\sts-4.11.1.RELEASE\plugins\org.eclipse.justj.openjdk.hotspot.jre.full.win32.x86_64_16.0.2.v20210721-1149\jre\bin\msvcp140.dll
0x00007ffcfafb0000 - 0x00007ffcfbb5b000 	C:\Users\lotfi\Desktop\bureau\sts-4.11.1.RELEASE\plugins\org.eclipse.justj.openjdk.hotspot.jre.full.win32.x86_64_16.0.2.v20210721-1149\jre\bin\server\jvm.dll
0x00007ffd578b0000 - 0x00007ffd5795e000 	C:\WINDOWS\System32\ADVAPI32.dll
0x00007ffd57be0000 - 0x00007ffd57c7e000 	C:\WINDOWS\System32\sechost.dll
0x00007ffd57440000 - 0x00007ffd57560000 	C:\WINDOWS\System32\RPCRT4.dll
0x00007ffd57f80000 - 0x00007ffd57f88000 	C:\WINDOWS\System32\PSAPI.DLL
0x00007ffd412b0000 - 0x00007ffd412b9000 	C:\WINDOWS\SYSTEM32\WSOCK32.dll
0x00007ffd50820000 - 0x00007ffd50853000 	C:\WINDOWS\SYSTEM32\WINMM.dll
0x00007ffd4ff30000 - 0x00007ffd4ff3a000 	C:\WINDOWS\SYSTEM32\VERSION.dll
0x00007ffd58b30000 - 0x00007ffd58b9f000 	C:\WINDOWS\System32\WS2_32.dll
0x00007ffd55bc0000 - 0x00007ffd55bd8000 	C:\WINDOWS\SYSTEM32\kernel.appcore.dll
0x00007ffd526a0000 - 0x00007ffd526aa000 	C:\Users\lotfi\Desktop\bureau\sts-4.11.1.RELEASE\plugins\org.eclipse.justj.openjdk.hotspot.jre.full.win32.x86_64_16.0.2.v20210721-1149\jre\bin\jimage.dll
0x00007ffd546c0000 - 0x00007ffd548e1000 	C:\WINDOWS\SYSTEM32\DBGHELP.DLL
0x00007ffd3de70000 - 0x00007ffd3dea1000 	C:\WINDOWS\SYSTEM32\dbgcore.DLL
0x00007ffd56f80000 - 0x00007ffd56fff000 	C:\WINDOWS\System32\bcryptPrimitives.dll
0x00007ffd46de0000 - 0x00007ffd46e1b000 	C:\Users\lotfi\Desktop\bureau\sts-4.11.1.RELEASE\plugins\org.eclipse.justj.openjdk.hotspot.jre.full.win32.x86_64_16.0.2.v20210721-1149\jre\bin\jdwp.dll
0x00007ffd520c0000 - 0x00007ffd520ce000 	C:\Users\lotfi\Desktop\bureau\sts-4.11.1.RELEASE\plugins\org.eclipse.justj.openjdk.hotspot.jre.full.win32.x86_64_16.0.2.v20210721-1149\jre\bin\instrument.dll
0x00007ffd4c270000 - 0x00007ffd4c295000 	C:\Users\lotfi\Desktop\bureau\sts-4.11.1.RELEASE\plugins\org.eclipse.justj.openjdk.hotspot.jre.full.win32.x86_64_16.0.2.v20210721-1149\jre\bin\java.dll

dbghelp: loaded successfully - version: 4.0.5 - missing functions: none
symbol engine: initialized successfully - sym options: 0x614 - pdb path: .;C:\Users\lotfi\Desktop\bureau\sts-4.11.1.RELEASE\plugins\org.eclipse.justj.openjdk.hotspot.jre.full.win32.x86_64_16.0.2.v20210721-1149\jre\bin;C:\WINDOWS\SYSTEM32;C:\WINDOWS\WinSxS\amd64_microsoft.windows.common-controls_6595b64144ccf1df_6.0.22000.120_none_9d947278b86cc467;C:\Users\lotfi\Desktop\bureau\sts-4.11.1.RELEASE\plugins\org.eclipse.justj.openjdk.hotspot.jre.full.win32.x86_64_16.0.2.v20210721-1149\jre\bin\server

VM Arguments:
jvm_args: -XX:+ShowCodeDetailsInExceptionMessages -agentlib:jdwp=transport=dt_socket,suspend=y,address=localhost:59923 -Dmaven.home=EMBEDDED -Dclassworlds.conf=C:\Work\workspace-sts\.metadata\.plugins\org.eclipse.m2e.launching\launches\m2conf2757805203417935978.tmp -Dmaven.multiModuleProjectDirectory=C:\Users\lotfi\Desktop\pfe-stage\spring\stage -Djansi.force=true -Djansi.passthrough=true -javaagent:C:\Users\lotfi\Desktop\bureau\sts-4.11.1.RELEASE\configuration\org.eclipse.osgi\258\0\.cp\lib\javaagent-shaded.jar -Dfile.encoding=Cp1252 
java_command: org.codehaus.plexus.classworlds.launcher.Launcher -Ppom.xml -B clean install -Dstyle.color=always
java_class_path (initial): C:\Users\lotfi\Desktop\bureau\sts-4.11.1.RELEASE\plugins\org.eclipse.m2e.maven.runtime_1.18.0.20210618-2246\jars\plexus-classworlds-2.6.0.jar
Launcher Type: SUN_STANDARD

[Global flags]
     intx CICompilerCount                          = 4                                         {product} {ergonomic}
     uint ConcGCThreads                            = 2                                         {product} {ergonomic}
     uint G1ConcRefinementThreads                  = 8                                         {product} {ergonomic}
   size_t G1HeapRegionSize                         = 1048576                                   {product} {ergonomic}
    uintx GCDrainStackTargetSize                   = 64                                        {product} {ergonomic}
   size_t InitialHeapSize                          = 132120576                                 {product} {ergonomic}
   size_t MarkStackSize                            = 4194304                                   {product} {ergonomic}
   size_t MaxHeapSize                              = 2105540608                                {product} {ergonomic}
   size_t MinHeapDeltaBytes                        = 1048576                                   {product} {ergonomic}
   size_t MinHeapSize                              = 8388608                                   {product} {ergonomic}
    uintx NonNMethodCodeHeapSize                   = 5839372                                {pd product} {ergonomic}
    uintx NonProfiledCodeHeapSize                  = 122909434                              {pd product} {ergonomic}
    uintx ProfiledCodeHeapSize                     = 122909434                              {pd product} {ergonomic}
    uintx ReservedCodeCacheSize                    = 251658240                              {pd product} {ergonomic}
     bool SegmentedCodeCache                       = true                                      {product} {ergonomic}
     bool ShowCodeDetailsInExceptionMessages       = true                                   {manageable} {command line}
   size_t SoftMaxHeapSize                          = 2105540608                             {manageable} {ergonomic}
     bool UseCompressedClassPointers               = true                           {product lp64_product} {ergonomic}
     bool UseCompressedOops                        = true                           {product lp64_product} {ergonomic}
     bool UseG1GC                                  = true                                      {product} {ergonomic}
     bool UseLargePagesIndividualAllocation        = false                                  {pd product} {ergonomic}

Logging:
Log output configuration:
 #0: stdout all=warning uptime,level,tags
 #1: stderr all=off uptime,level,tags

Environment Variables:
PATH=C:\Users\lotfi\Desktop\bureau\sts-4.11.1.RELEASE\plugins\org.eclipse.justj.openjdk.hotspot.jre.full.win32.x86_64_16.0.2.v20210721-1149\jre\bin;C:/Users/lotfi/Desktop/bureau/sts-4.11.1.RELEASE//plugins/org.eclipse.justj.openjdk.hotspot.jre.full.win32.x86_64_16.0.2.v20210721-1149/jre/bin/server;C:/Users/lotfi/Desktop/bureau/sts-4.11.1.RELEASE//plugins/org.eclipse.justj.openjdk.hotspot.jre.full.win32.x86_64_16.0.2.v20210721-1149/jre/bin;C:\Program Files (x86)\Common Files\Oracle\Java\javapath;C:\Windows\system32;C:\Windows;C:\Windows\System32\Wbem;C:\Windows\System32\WindowsPowerShell\v1.0\;C:\Windows\System32\OpenSSH\;C:\Program Files (x86)\NVIDIA Corporation\PhysX\Common;C:\Program Files\NVIDIA Corporation\NVIDIA NvDLISR;C:\WINDOWS\system32;C:\WINDOWS;C:\WINDOWS\System32\Wbem;C:\WINDOWS\System32\WindowsPowerShell\v1.0\;C:\WINDOWS\System32\OpenSSH\;C:\Program Files\MongoDB\Server\4.4\bin;C:\Program Files\Git\cmd;C:\Program Files\nodejs;C:\ProgramData\ComposerSetup\bin;C:\Users\lotfi\Desktop\symfony-variable env;C:\HashiCorp\Vagrant\bin;C:\Program Files\Microsoft SQL Server\150\Tools\Binn\;C:\Program Files\nodejs\;;C:\Program Files\Docker\Docker\resources\bin;C:\Users\lotfi\AppData\Local\Microsoft\WindowsApps;C:\Users\lotfi\AppData\Local\Programs\Microsoft VS Code\bin;C:\Program Files\MongoDB\Server\6.0\bin\;C:\Program Files\nodejs\;C:\xampp\php;C:\Users\lotfi\AppData\Roaming\Composer\vendor\bin;C:\Users\lotfi\AppData\Roaming\npm;;C:\Users\lotfi\Desktop\bureau\sts-4.11.1.RELEASE;
USERNAME=lotfi
OS=Windows_NT
PROCESSOR_IDENTIFIER=Intel64 Family 6 Model 165 Stepping 2, GenuineIntel



---------------  S Y S T E M  ---------------

OS:
 Windows 10 , 64 bit Build 22000 (10.0.22000.1335)
OS uptime: 14 days 14:19 hours
Hyper-V role detected

CPU: total 8 (initial active 8) (4 cores per cpu, 2 threads per core) family 6 model 165 stepping 2 microcode 0xe0, cx8, cmov, fxsr, ht, mmx, 3dnowpref, sse, sse2, sse3, ssse3, sse4.1, sse4.2, popcnt, lzcnt, tsc, tscinvbit, avx, avx2, aes, erms, clmul, bmi1, bmi2, adx, fma, vzeroupper, clflush, clflushopt, hv

Memory: 4k page, system-wide physical 8029M (102M free)
TotalPageFile size 32605M (AvailPageFile size 52M)
current process WorkingSet (physical memory assigned to process): 10M, peak: 10M
current process commit charge ("private bytes"): 60M, peak: 186M

vm_info: OpenJDK 64-Bit Server VM (16.0.2+7-67) for windows-amd64 JRE (16.0.2+7-67), built on Jun  8 2021 23:21:43 by "mach5one" with MS VC++ 16.7 (VS2019)

END.
